=== RUN   TestAccClusterResource_validationErrors
=== RUN   TestAccClusterResource_validationErrors/invalid_status
    validation_tests.go:107: Step 1/1, expected an error with pattern, no match on: Error running apply: exit status 1

        Error: Error creating cluster

          with netbox_cluster.test,
          on terraform_plugin_test.tf line 17, in resource "netbox_cluster" "test":
          17: resource "netbox_cluster" "test" {

        Could not create cluster, unexpected error: 400 Bad Request. Response body:
        {"status":["invalid_status is not a valid choice."]}
=== RUN   TestAccClusterResource_validationErrors/invalid_type_reference
=== RUN   TestAccClusterResource_validationErrors/invalid_site_reference
=== RUN   TestAccClusterResource_validationErrors/invalid_tenant_reference
=== RUN   TestAccClusterResource_validationErrors/missing_name
=== RUN   TestAccClusterResource_validationErrors/missing_type
--- FAIL: TestAccClusterResource_validationErrors (2.96s)
    --- FAIL: TestAccClusterResource_validationErrors/invalid_status (0.61s)
    --- PASS: TestAccClusterResource_validationErrors/invalid_type_reference (0.44s)
    --- PASS: TestAccClusterResource_validationErrors/invalid_site_reference (0.64s)
    --- PASS: TestAccClusterResource_validationErrors/invalid_tenant_reference (0.64s)
    --- PASS: TestAccClusterResource_validationErrors/missing_name (0.30s)
    --- PASS: TestAccClusterResource_validationErrors/missing_type (0.33s)
=== RUN   TestAccDeviceResource_validationErrors
=== RUN   TestAccDeviceResource_validationErrors/missing_device_type
=== RUN   TestAccDeviceResource_validationErrors/missing_role
=== RUN   TestAccDeviceResource_validationErrors/missing_site
=== RUN   TestAccDeviceResource_validationErrors/invalid_status
=== RUN   TestAccDeviceResource_validationErrors/invalid_tenant_reference
=== RUN   TestAccDeviceResource_validationErrors/invalid_platform_reference
--- PASS: TestAccDeviceResource_validationErrors (2.82s)
    --- PASS: TestAccDeviceResource_validationErrors/missing_device_type (0.35s)
    --- PASS: TestAccDeviceResource_validationErrors/missing_role (0.34s)
    --- PASS: TestAccDeviceResource_validationErrors/missing_site (0.27s)
    --- PASS: TestAccDeviceResource_validationErrors/invalid_status (0.28s)
    --- PASS: TestAccDeviceResource_validationErrors/invalid_tenant_reference (0.81s)
    --- PASS: TestAccDeviceResource_validationErrors/invalid_platform_reference (0.76s)
=== RUN   TestAccInterfaceResource_validationErrors
=== RUN   TestAccInterfaceResource_validationErrors/missing_device
=== RUN   TestAccInterfaceResource_validationErrors/missing_type
=== RUN   TestAccInterfaceResource_validationErrors/invalid_device_reference
=== RUN   TestAccInterfaceResource_validationErrors/missing_name
--- PASS: TestAccInterfaceResource_validationErrors (1.36s)
    --- PASS: TestAccInterfaceResource_validationErrors/missing_device (0.28s)
    --- PASS: TestAccInterfaceResource_validationErrors/missing_type (0.29s)
    --- PASS: TestAccInterfaceResource_validationErrors/invalid_device_reference (0.50s)
    --- PASS: TestAccInterfaceResource_validationErrors/missing_name (0.29s)
=== RUN   TestAccIPAddressResource_validationErrors
=== PAUSE TestAccIPAddressResource_validationErrors
=== RUN   TestAccPrefixResource_validationErrors
=== PAUSE TestAccPrefixResource_validationErrors
=== RUN   TestAccRackResource_validationErrors
=== RUN   TestAccRackResource_validationErrors/invalid_tenant_reference
=== RUN   TestAccRackResource_validationErrors/invalid_location_reference
=== RUN   TestAccRackResource_validationErrors/missing_name
=== RUN   TestAccRackResource_validationErrors/missing_site
=== RUN   TestAccRackResource_validationErrors/invalid_status
=== RUN   TestAccRackResource_validationErrors/invalid_role_reference
--- PASS: TestAccRackResource_validationErrors (5.10s)
    --- PASS: TestAccRackResource_validationErrors/invalid_tenant_reference (2.93s)
    --- PASS: TestAccRackResource_validationErrors/invalid_location_reference (0.67s)
    --- PASS: TestAccRackResource_validationErrors/missing_name (0.27s)
    --- PASS: TestAccRackResource_validationErrors/missing_site (0.27s)
    --- PASS: TestAccRackResource_validationErrors/invalid_status (0.28s)
    --- PASS: TestAccRackResource_validationErrors/invalid_role_reference (0.67s)
=== RUN   TestAccSiteResource_validationErrors
=== PAUSE TestAccSiteResource_validationErrors
=== RUN   TestAccTenantResource_validationErrors
=== RUN   TestAccTenantResource_validationErrors/missing_slug
=== RUN   TestAccTenantResource_validationErrors/invalid_group_reference
=== RUN   TestAccTenantResource_validationErrors/missing_name
--- PASS: TestAccTenantResource_validationErrors (1.03s)
    --- PASS: TestAccTenantResource_validationErrors/missing_slug (0.28s)
    --- PASS: TestAccTenantResource_validationErrors/invalid_group_reference (0.47s)
    --- PASS: TestAccTenantResource_validationErrors/missing_name (0.28s)
=== RUN   TestAccVirtualMachineResource_validationErrors
=== RUN   TestAccVirtualMachineResource_validationErrors/invalid_tenant_reference
=== RUN   TestAccVirtualMachineResource_validationErrors/missing_name
=== RUN   TestAccVirtualMachineResource_validationErrors/invalid_status
    validation_tests.go:107: Step 1/1, expected an error with pattern, no match on: Error running apply: exit status 1

        Error: Error creating virtual machine

          with netbox_virtual_machine.test,
          on terraform_plugin_test.tf line 22, in resource "netbox_virtual_machine" "test":
          22: resource "netbox_virtual_machine" "test" {

        Could not create virtual machine, unexpected error: 400 Bad Request. Response
        body: {"status":["invalid_status is not a valid choice."]}
=== RUN   TestAccVirtualMachineResource_validationErrors/invalid_cluster_reference
--- FAIL: TestAccVirtualMachineResource_validationErrors (2.43s)
    --- PASS: TestAccVirtualMachineResource_validationErrors/invalid_tenant_reference (0.94s)
    --- PASS: TestAccVirtualMachineResource_validationErrors/missing_name (0.28s)
    --- FAIL: TestAccVirtualMachineResource_validationErrors/invalid_status (0.73s)
    --- PASS: TestAccVirtualMachineResource_validationErrors/invalid_cluster_reference (0.47s)
=== RUN   TestAccVLANResource_validationErrors
=== PAUSE TestAccVLANResource_validationErrors
=== CONT  TestAccIPAddressResource_validationErrors
=== CONT  TestAccSiteResource_validationErrors
=== CONT  TestAccPrefixResource_validationErrors
=== CONT  TestAccVLANResource_validationErrors
=== RUN   TestAccPrefixResource_validationErrors/missing_prefix
=== RUN   TestAccSiteResource_validationErrors/invalid_group_reference
=== RUN   TestAccIPAddressResource_validationErrors/invalid_vrf_reference
=== RUN   TestAccVLANResource_validationErrors/vid_too_high
=== RUN   TestAccPrefixResource_validationErrors/invalid_cidr_format
=== NAME  TestAccVLANResource_validationErrors/vid_too_high
    validation_tests.go:107: Step 1/1, expected an error with pattern, no match on: Error running apply: exit status 1

        Error: Error creating netbox_vlan

          with netbox_vlan.test,
          on terraform_plugin_test.tf line 12, in resource "netbox_vlan" "test":
          12: resource "netbox_vlan" "test" {

        Could not create netbox_vlan, unexpected error: 400 Bad Request. Response
        body: {"vid":["Ensure this value is less than or equal to 4094."]}
=== RUN   TestAccIPAddressResource_validationErrors/invalid_tenant_reference
=== RUN   TestAccSiteResource_validationErrors/invalid_tenant_reference
=== RUN   TestAccVLANResource_validationErrors/invalid_status
=== NAME  TestAccPrefixResource_validationErrors/invalid_cidr_format
    validation_tests.go:107: Step 1/1, expected an error with pattern, no match on: Error running apply: exit status 1

        Error: Error creating prefix

          with netbox_prefix.test,
          on terraform_plugin_test.tf line 12, in resource "netbox_prefix" "test":
          12: resource "netbox_prefix" "test" {

        Could not create prefix, unexpected error: 500 Internal Server Error.
        Response body: {"error": "'data'", "exception": "KeyError", "netbox_version":
        "4.1.11", "python_version": "3.12.3"}
=== RUN   TestAccPrefixResource_validationErrors/invalid_status
=== NAME  TestAccVLANResource_validationErrors/invalid_status
    validation_tests.go:107: Step 1/1, expected an error with pattern, no match on: Error running apply: exit status 1

        Error: Error creating netbox_vlan

          with netbox_vlan.test,
          on terraform_plugin_test.tf line 12, in resource "netbox_vlan" "test":
          12: resource "netbox_vlan" "test" {

        Could not create netbox_vlan, unexpected error: 400 Bad Request. Response
        body: {"status":["invalid_status is not a valid choice."]}
=== RUN   TestAccVLANResource_validationErrors/invalid_site_reference
=== RUN   TestAccSiteResource_validationErrors/missing_name
=== RUN   TestAccIPAddressResource_validationErrors/missing_address
=== NAME  TestAccPrefixResource_validationErrors/invalid_status
    validation_tests.go:107: Step 1/1, expected an error with pattern, no match on: Error running apply: exit status 1

        Error: Error creating prefix

          with netbox_prefix.test,
          on terraform_plugin_test.tf line 12, in resource "netbox_prefix" "test":
          12: resource "netbox_prefix" "test" {

        Could not create prefix, unexpected error: 400 Bad Request. Response body:
        {"status":["invalid_status is not a valid choice."]}
=== RUN   TestAccSiteResource_validationErrors/missing_slug
=== RUN   TestAccIPAddressResource_validationErrors/invalid_ip_format
=== RUN   TestAccPrefixResource_validationErrors/invalid_site_reference
=== RUN   TestAccVLANResource_validationErrors/invalid_group_reference
=== RUN   TestAccSiteResource_validationErrors/invalid_status
=== NAME  TestAccIPAddressResource_validationErrors/invalid_ip_format
    validation_tests.go:107: Step 1/1, expected an error with pattern, no match on: Error running apply: exit status 1

        Error: Error creating IP address

          with netbox_ip_address.test,
          on terraform_plugin_test.tf line 12, in resource "netbox_ip_address" "test":
          12: resource "netbox_ip_address" "test" {

        Could not create IP address, unexpected error: 500 Internal Server Error.
        Response body: {"error": "'data'", "exception": "KeyError", "netbox_version":
        "4.1.11", "python_version": "3.12.3"}
=== RUN   TestAccIPAddressResource_validationErrors/missing_prefix_length
=== RUN   TestAccPrefixResource_validationErrors/invalid_vrf_reference
=== RUN   TestAccSiteResource_validationErrors/invalid_region_reference
=== RUN   TestAccVLANResource_validationErrors/invalid_tenant_reference
=== RUN   TestAccPrefixResource_validationErrors/invalid_tenant_reference
--- PASS: TestAccSiteResource_validationErrors (2.60s)
    --- PASS: TestAccSiteResource_validationErrors/invalid_group_reference (0.53s)
    --- PASS: TestAccSiteResource_validationErrors/invalid_tenant_reference (0.54s)
    --- PASS: TestAccSiteResource_validationErrors/missing_name (0.32s)
    --- PASS: TestAccSiteResource_validationErrors/missing_slug (0.35s)
    --- PASS: TestAccSiteResource_validationErrors/invalid_status (0.33s)
    --- PASS: TestAccSiteResource_validationErrors/invalid_region_reference (0.53s)
=== RUN   TestAccVLANResource_validationErrors/missing_vid
=== RUN   TestAccVLANResource_validationErrors/missing_name
=== RUN   TestAccPrefixResource_validationErrors/invalid_vlan_reference
=== RUN   TestAccVLANResource_validationErrors/vid_too_low
--- FAIL: TestAccPrefixResource_validationErrors (3.43s)
    --- PASS: TestAccPrefixResource_validationErrors/missing_prefix (0.31s)
    --- FAIL: TestAccPrefixResource_validationErrors/invalid_cidr_format (0.56s)
    --- FAIL: TestAccPrefixResource_validationErrors/invalid_status (0.54s)
    --- PASS: TestAccPrefixResource_validationErrors/invalid_site_reference (0.56s)
    --- PASS: TestAccPrefixResource_validationErrors/invalid_vrf_reference (0.53s)
    --- PASS: TestAccPrefixResource_validationErrors/invalid_tenant_reference (0.47s)
    --- PASS: TestAccPrefixResource_validationErrors/invalid_vlan_reference (0.45s)
=== NAME  TestAccVLANResource_validationErrors/vid_too_low
    validation_tests.go:107: Step 1/1, expected an error with pattern, no match on: Error running apply: exit status 1

        Error: Error creating netbox_vlan

          with netbox_vlan.test,
          on terraform_plugin_test.tf line 12, in resource "netbox_vlan" "test":
          12: resource "netbox_vlan" "test" {

        Could not create netbox_vlan, unexpected error: 400 Bad Request. Response
        body: {"vid":["Ensure this value is greater than or equal to 1."]}
--- FAIL: TestAccVLANResource_validationErrors (3.68s)
    --- FAIL: TestAccVLANResource_validationErrors/vid_too_high (0.53s)
    --- FAIL: TestAccVLANResource_validationErrors/invalid_status (0.53s)
    --- PASS: TestAccVLANResource_validationErrors/invalid_site_reference (0.56s)
    --- PASS: TestAccVLANResource_validationErrors/invalid_group_reference (0.54s)
    --- PASS: TestAccVLANResource_validationErrors/invalid_tenant_reference (0.52s)
    --- PASS: TestAccVLANResource_validationErrors/missing_vid (0.27s)
    --- PASS: TestAccVLANResource_validationErrors/missing_name (0.28s)
    --- FAIL: TestAccVLANResource_validationErrors/vid_too_low (0.44s)
=== NAME  TestAccIPAddressResource_validationErrors/missing_prefix_length
    validation_tests.go:107: Step 1/1, expected an error with pattern, no match on: Error running apply: exit status 1

        Error: Provider produced inconsistent result after apply

        When applying changes to netbox_ip_address.test, provider
        "provider[\"registry.terraform.io/hashicorp/netbox\"]" produced an unexpected
        new value: .address: was cty.StringVal("192.168.1.1"), but now
        cty.StringVal("192.168.1.1/32").

        This is a bug in the provider, which should be reported in the provider's own
        issue tracker.
=== RUN   TestAccIPAddressResource_validationErrors/invalid_status
    validation_tests.go:107: Step 1/1, expected an error with pattern, no match on: Error running apply: exit status 1

        Error: Error creating IP address

          with netbox_ip_address.test,
          on terraform_plugin_test.tf line 12, in resource "netbox_ip_address" "test":
          12: resource "netbox_ip_address" "test" {

        Could not create IP address, unexpected error: 400 Bad Request. Response
        body: {"status":["invalid_status is not a valid choice."]}
=== RUN   TestAccIPAddressResource_validationErrors/invalid_role
    validation_tests.go:107: Step 1/1, expected an error with pattern, no match on: Error running apply: exit status 1

        Error: Error creating IP address

          with netbox_ip_address.test,
          on terraform_plugin_test.tf line 12, in resource "netbox_ip_address" "test":
          12: resource "netbox_ip_address" "test" {

        Could not create IP address, unexpected error: 400 Bad Request. Response
        body: {"role":["invalid_role is not a valid choice."]}
--- FAIL: TestAccIPAddressResource_validationErrors (5.68s)
    --- PASS: TestAccIPAddressResource_validationErrors/invalid_vrf_reference (0.53s)
    --- PASS: TestAccIPAddressResource_validationErrors/invalid_tenant_reference (0.55s)
    --- PASS: TestAccIPAddressResource_validationErrors/missing_address (0.32s)
    --- FAIL: TestAccIPAddressResource_validationErrors/invalid_ip_format (0.56s)
    --- FAIL: TestAccIPAddressResource_validationErrors/missing_prefix_length (2.84s)
    --- FAIL: TestAccIPAddressResource_validationErrors/invalid_status (0.44s)
    --- FAIL: TestAccIPAddressResource_validationErrors/invalid_role (0.44s)
FAIL
FAIL	github.com/bab3l/terraform-provider-netbox/internal/resources_acceptance_tests	21.555s
FAIL
